<?xml version="1.0" encoding="UTF-8"?>
<!-- Generated by org.testng.reporters.JUnitReportReporter -->
<testsuite skipped="0" hostname="B2ML09726" name="com.mindtree.execution.TestExecution" tests="2" failures="0" timestamp="04 Feb 2018 07:30:10 GMT" time="11.127" errors="0">
  <testcase name="loginFunction" time="5.475" classname="com.mindtree.execution.TestExecution"/>
  <testcase name="bookingTicket" time="5.652" classname="com.mindtree.execution.TestExecution"/>
</testsuite> <!-- com.mindtree.execution.TestExecution -->
